<?xml version="1.0" encoding="UTF-8"?>
<!-- Generated by org.testng.reporters.JUnitReportReporter -->
<testsuite skipped="0" hostname="BLR-T530-W7-R23" name="assignmentDemo.PumaTest.HotStarTest" tests="1" failures="0" timestamp="21 Sep 2018 14:02:09 GMT" time="10.607" errors="0">
  <testcase name="verifyTraysLists" time="10.607" classname="assignmentDemo.PumaTest.HotStarTest"/>
</testsuite> <!-- assignmentDemo.PumaTest.HotStarTest -->
