<?xml version="1.0" encoding="UTF-8"?>
<!-- Generated by org.testng.reporters.JUnitReportReporter -->
<testsuite skipped="0" hostname="BLR-T530-W7-R23" name="assignmentDemo.MoEngage.Scenario1" tests="1" failures="0" timestamp="08 Nov 2018 18:00:21 GMT" time="257.386" errors="0">
  <testcase name="moEngageTest" time="257.386" classname="assignmentDemo.MoEngage.Scenario1"/>
</testsuite> <!-- assignmentDemo.MoEngage.Scenario1 -->
