<?xml version="1.0" encoding="UTF-8"?>
<!-- Generated by org.testng.reporters.JUnitReportReporter -->
<testsuite skipped="0" hostname="BLR-T530-W7-R23" name="assignmentDemo.PumaTest.ProductCheckOutTest" tests="1" failures="0" timestamp="14 Sep 2018 09:40:40 GMT" time="43.005" errors="0">
  <testcase name="test" time="43.005" classname="assignmentDemo.PumaTest.ProductCheckOutTest"/>
</testsuite> <!-- assignmentDemo.PumaTest.ProductCheckOutTest -->
